app/build/intermediates/manifest_merge_blame_file/debug/manifest-merger-blame-debug-report.txt
1<?xml version="1.0" encoding="utf-8"?>
2<manifest xmlns:android="http://schemas.android.com/apk/res/android"
3    package="com.google.mlkit.codelab.objectdetection"
4    android:versionCode="1"
5    android:versionName="1.0" >
6
7    <uses-sdk
8        android:minSdkVersion="23"
8-->src/main/AndroidManifest.xml
9        android:targetSdkVersion="30" />
9-->src/main/AndroidManifest.xml
10
11    <uses-permission android:name="android.permission.INTERNET" />
11-->src/main/AndroidManifest.xml:5:5-67
11-->src/main/AndroidManifest.xml:5:22-64
12
13    <!-- For allowlist service -->
14    <uses-permission android:name="android.permission.ACCESS_NETWORK_STATE" />
14-->[com.google.mlkit:vision-internal-vkp:18.2.2] AndroidManifest.xml:7:5-79
14-->[com.google.mlkit:vision-internal-vkp:18.2.2] AndroidManifest.xml:7:22-76
15
16    <application
16-->src/main/AndroidManifest.xml:7:5-31:19
17        android:allowBackup="true"
17-->src/main/AndroidManifest.xml:8:9-35
18        android:appComponentFactory="androidx.core.app.CoreComponentFactory"
18-->[androidx.core:core:1.3.2] AndroidManifest.xml:24:18-86
19        android:debuggable="true"
20        android:extractNativeLibs="false"
21        android:icon="@mipmap/ic_launcher"
21-->src/main/AndroidManifest.xml:9:9-43
22        android:label="@string/app_name"
22-->src/main/AndroidManifest.xml:10:9-41
23        android:roundIcon="@mipmap/ic_launcher_round"
23-->src/main/AndroidManifest.xml:11:9-54
24        android:supportsRtl="true"
24-->src/main/AndroidManifest.xml:12:9-35
25        android:testOnly="true"
26        android:theme="@style/Theme.ObjectDetection" >
26-->src/main/AndroidManifest.xml:13:9-53
27        <activity android:name="com.google.mlkit.codelab.objectdetection.MainActivity" >
27-->src/main/AndroidManifest.xml:14:9-20:20
27-->src/main/AndroidManifest.xml:14:19-47
28            <intent-filter>
28-->src/main/AndroidManifest.xml:15:13-19:29
29                <action android:name="android.intent.action.MAIN" />
29-->src/main/AndroidManifest.xml:16:17-69
29-->src/main/AndroidManifest.xml:16:25-66
30
31                <category android:name="android.intent.category.LAUNCHER" />
31-->src/main/AndroidManifest.xml:18:17-77
31-->src/main/AndroidManifest.xml:18:27-74
32            </intent-filter>
33        </activity>
34
35        <provider
35-->src/main/AndroidManifest.xml:22:9-30:20
36            android:name="androidx.core.content.FileProvider"
36-->src/main/AndroidManifest.xml:23:13-62
37            android:authorities="com.google.mlkit.codelab.objectdetection.fileprovider"
37-->src/main/AndroidManifest.xml:24:13-88
38            android:exported="false"
38-->src/main/AndroidManifest.xml:25:13-37
39            android:grantUriPermissions="true" >
39-->src/main/AndroidManifest.xml:26:13-47
40            <meta-data
40-->src/main/AndroidManifest.xml:27:13-29:54
41                android:name="android.support.FILE_PROVIDER_PATHS"
41-->src/main/AndroidManifest.xml:28:17-67
42                android:resource="@xml/file_paths" />
42-->src/main/AndroidManifest.xml:29:17-51
43        </provider>
44
45        <service
45-->[com.google.mlkit:object-detection:16.2.4] AndroidManifest.xml:8:9-14:19
46            android:name="com.google.mlkit.common.internal.MlKitComponentDiscoveryService"
46-->[com.google.mlkit:object-detection:16.2.4] AndroidManifest.xml:9:13-91
47            android:directBootAware="true"
47-->[com.google.mlkit:common:18.0.0] AndroidManifest.xml:17:13-43
48            android:exported="false" >
48-->[com.google.mlkit:object-detection:16.2.4] AndroidManifest.xml:10:13-37
49            <meta-data
49-->[com.google.mlkit:object-detection:16.2.4] AndroidManifest.xml:11:13-13:85
50                android:name="com.google.firebase.components:com.google.mlkit.vision.objects.defaults.internal.DefaultObjectsRegistrar"
50-->[com.google.mlkit:object-detection:16.2.4] AndroidManifest.xml:12:17-136
51                android:value="com.google.firebase.components.ComponentRegistrar" />
51-->[com.google.mlkit:object-detection:16.2.4] AndroidManifest.xml:13:17-82
52            <meta-data
52-->[com.google.mlkit:image-labeling-custom:17.0.1] AndroidManifest.xml:11:13-13:85
53                android:name="com.google.firebase.components:com.google.mlkit.vision.label.custom.internal.CustomLabelRegistrar"
53-->[com.google.mlkit:image-labeling-custom:17.0.1] AndroidManifest.xml:12:17-129
54                android:value="com.google.firebase.components.ComponentRegistrar" />
54-->[com.google.mlkit:image-labeling-custom:17.0.1] AndroidManifest.xml:13:17-82
55            <meta-data
55-->[com.google.mlkit:vision-internal-vkp:18.2.2] AndroidManifest.xml:14:13-16:85
56                android:name="com.google.firebase.components:com.google.mlkit.vision.vkp.VkpRegistrar"
56-->[com.google.mlkit:vision-internal-vkp:18.2.2] AndroidManifest.xml:15:17-103
57                android:value="com.google.firebase.components.ComponentRegistrar" />
57-->[com.google.mlkit:vision-internal-vkp:18.2.2] AndroidManifest.xml:16:17-82
58            <meta-data
58-->[com.google.mlkit:vision-common:17.0.0] AndroidManifest.xml:12:13-14:85
59                android:name="com.google.firebase.components:com.google.mlkit.vision.common.internal.VisionCommonRegistrar"
59-->[com.google.mlkit:vision-common:17.0.0] AndroidManifest.xml:13:17-124
60                android:value="com.google.firebase.components.ComponentRegistrar" />
60-->[com.google.mlkit:vision-common:17.0.0] AndroidManifest.xml:14:17-82
61            <meta-data
61-->[com.google.mlkit:common:18.0.0] AndroidManifest.xml:20:13-22:85
62                android:name="com.google.firebase.components:com.google.mlkit.common.internal.CommonComponentRegistrar"
62-->[com.google.mlkit:common:18.0.0] AndroidManifest.xml:21:17-120
63                android:value="com.google.firebase.components.ComponentRegistrar" />
63-->[com.google.mlkit:common:18.0.0] AndroidManifest.xml:22:17-82
64        </service>
65
66        <provider
66-->[com.google.mlkit:common:18.0.0] AndroidManifest.xml:9:9-13:38
67            android:name="com.google.mlkit.common.internal.MlKitInitProvider"
67-->[com.google.mlkit:common:18.0.0] AndroidManifest.xml:10:13-78
68            android:authorities="com.google.mlkit.codelab.objectdetection.mlkitinitprovider"
68-->[com.google.mlkit:common:18.0.0] AndroidManifest.xml:11:13-69
69            android:exported="false"
69-->[com.google.mlkit:common:18.0.0] AndroidManifest.xml:12:13-37
70            android:initOrder="99" />
70-->[com.google.mlkit:common:18.0.0] AndroidManifest.xml:13:13-35
71
72        <activity
72-->[com.google.android.gms:play-services-base:18.0.1] AndroidManifest.xml:20:9-22:45
73            android:name="com.google.android.gms.common.api.GoogleApiActivity"
73-->[com.google.android.gms:play-services-base:18.0.1] AndroidManifest.xml:20:19-85
74            android:exported="false"
74-->[com.google.android.gms:play-services-base:18.0.1] AndroidManifest.xml:22:19-43
75            android:theme="@android:style/Theme.Translucent.NoTitleBar" />
75-->[com.google.android.gms:play-services-base:18.0.1] AndroidManifest.xml:21:19-78
76
77        <meta-data
77-->[com.google.android.gms:play-services-basement:18.0.0] AndroidManifest.xml:21:9-23:69
78            android:name="com.google.android.gms.version"
78-->[com.google.android.gms:play-services-basement:18.0.0] AndroidManifest.xml:22:13-58
79            android:value="@integer/google_play_services_version" />
79-->[com.google.android.gms:play-services-basement:18.0.0] AndroidManifest.xml:23:13-66
80
81        <service
81-->[com.google.android.datatransport:transport-backend-cct:2.3.3] AndroidManifest.xml:29:9-35:19
82            android:name="com.google.android.datatransport.runtime.backends.TransportBackendDiscovery"
82-->[com.google.android.datatransport:transport-backend-cct:2.3.3] AndroidManifest.xml:30:13-103
83            android:exported="false" >
83-->[com.google.android.datatransport:transport-backend-cct:2.3.3] AndroidManifest.xml:31:13-37
84            <meta-data
84-->[com.google.android.datatransport:transport-backend-cct:2.3.3] AndroidManifest.xml:32:13-34:39
85                android:name="backend:com.google.android.datatransport.cct.CctBackendFactory"
85-->[com.google.android.datatransport:transport-backend-cct:2.3.3] AndroidManifest.xml:33:17-94
86                android:value="cct" />
86-->[com.google.android.datatransport:transport-backend-cct:2.3.3] AndroidManifest.xml:34:17-36
87        </service>
88        <service
88-->[com.google.android.datatransport:transport-runtime:2.2.6] AndroidManifest.xml:26:9-30:19
89            android:name="com.google.android.datatransport.runtime.scheduling.jobscheduling.JobInfoSchedulerService"
89-->[com.google.android.datatransport:transport-runtime:2.2.6] AndroidManifest.xml:27:13-117
90            android:exported="false"
90-->[com.google.android.datatransport:transport-runtime:2.2.6] AndroidManifest.xml:28:13-37
91            android:permission="android.permission.BIND_JOB_SERVICE" >
91-->[com.google.android.datatransport:transport-runtime:2.2.6] AndroidManifest.xml:29:13-69
92        </service>
93
94        <receiver
94-->[com.google.android.datatransport:transport-runtime:2.2.6] AndroidManifest.xml:32:9-34:40
95            android:name="com.google.android.datatransport.runtime.scheduling.jobscheduling.AlarmManagerSchedulerBroadcastReceiver"
95-->[com.google.android.datatransport:transport-runtime:2.2.6] AndroidManifest.xml:33:13-132
96            android:exported="false" />
96-->[com.google.android.datatransport:transport-runtime:2.2.6] AndroidManifest.xml:34:13-37
97
98        <provider
98-->[androidx.lifecycle:lifecycle-process:2.1.0] AndroidManifest.xml:23:9-27:43
99            android:name="androidx.lifecycle.ProcessLifecycleOwnerInitializer"
99-->[androidx.lifecycle:lifecycle-process:2.1.0] AndroidManifest.xml:24:13-79
100            android:authorities="com.google.mlkit.codelab.objectdetection.lifecycle-process"
100-->[androidx.lifecycle:lifecycle-process:2.1.0] AndroidManifest.xml:25:13-69
101            android:exported="false"
101-->[androidx.lifecycle:lifecycle-process:2.1.0] AndroidManifest.xml:26:13-37
102            android:multiprocess="true" />
102-->[androidx.lifecycle:lifecycle-process:2.1.0] AndroidManifest.xml:27:13-40
103    </application>
104
105</manifest>